Traceback (most recent call last):
  File "/home/runner/.local/lib/python3.12/site-packages/jupyter_cache/executors/utils.py", line 58, in single_nb_execution
    executenb(
  File "/home/runner/.local/lib/python3.12/site-packages/nbclient/client.py", line 1314, in execute
    return NotebookClient(nb=nb, resources=resources, km=km, **kwargs).execute()
           ^^^^^^^^^^^^^^^^^^^^^^^^^^^^^^^^^^^^^^^^^^^^^^^^^^^^^^^^^^^^^^^^^^^^^
  File "/home/runner/.local/lib/python3.12/site-packages/jupyter_core/utils/__init__.py", line 165, in wrapped
    return loop.run_until_complete(inner)
           ^^^^^^^^^^^^^^^^^^^^^^^^^^^^^^
  File "/usr/lib/python3.12/asyncio/base_events.py", line 687, in run_until_complete
    return future.result()
           ^^^^^^^^^^^^^^^
  File "/home/runner/.local/lib/python3.12/site-packages/nbclient/client.py", line 709, in async_execute
    await self.async_execute_cell(
  File "/home/runner/.local/lib/python3.12/site-packages/nbclient/client.py", line 1062, in async_execute_cell
    await self._check_raise_for_error(cell, cell_index, exec_reply)
  File "/home/runner/.local/lib/python3.12/site-packages/nbclient/client.py", line 918, in _check_raise_for_error
    raise CellExecutionError.from_cell_and_msg(cell, exec_reply_content)
nbclient.exceptions.CellExecutionError: An error occurred while executing the following cell:
------------------
path = 'D:/STO_STO-Data/RHEED/STO_STO_Berkeley/STO_STO_test6_06292022-standard.h5'
D1_spot = RHEED_spot_Dataset(path, sample_name='treated_213nm')
D1_spot.viz_RHEED_spot(growth='growth_2', index=0, figsize=(2,4))
------------------

----- stdout -----
[1mFig.[0m a: RHEED spot image for growth_2 at index 0.
------------------

[0;31m---------------------------------------------------------------------------[0m
[0;31mFileNotFoundError[0m                         Traceback (most recent call last)
Cell [0;32mIn[2], line 3[0m
[1;32m      1[0m path [38;5;241m=[39m [38;5;124m'[39m[38;5;124mD:/STO_STO-Data/RHEED/STO_STO_Berkeley/STO_STO_test6_06292022-standard.h5[39m[38;5;124m'[39m
[1;32m      2[0m D1_spot [38;5;241m=[39m RHEED_spot_Dataset(path, sample_name[38;5;241m=[39m[38;5;124m'[39m[38;5;124mtreated_213nm[39m[38;5;124m'[39m)
[0;32m----> 3[0m [43mD1_spot[49m[38;5;241;43m.[39;49m[43mviz_RHEED_spot[49m[43m([49m[43mgrowth[49m[38;5;241;43m=[39;49m[38;5;124;43m'[39;49m[38;5;124;43mgrowth_2[39;49m[38;5;124;43m'[39;49m[43m,[49m[43m [49m[43mindex[49m[38;5;241;43m=[39;49m[38;5;241;43m0[39;49m[43m,[49m[43m [49m[43mfigsize[49m[38;5;241;43m=[39;49m[43m([49m[38;5;241;43m2[39;49m[43m,[49m[38;5;241;43m4[39;49m[43m)[49m[43m)[49m

File [0;32m~/work/Predicting-Pulsed-Laser-Deposition-SrTiO3-Homoepitaxy-Growth-Dynamics-using-RHEED/Predicting-Pulsed-Laser-Deposition-SrTiO3-Homoepitaxy-Growth-Dynamics-using-RHEED/src/sto_rheed/Dataset.py:238[0m, in [0;36mRHEED_spot_Dataset.viz_RHEED_spot[0;34m(self, growth, index, figsize, viz_mode, clim, label_index, filename, printing, **kwargs)[0m
[1;32m    234[0m [38;5;28mprint[39m([38;5;124mf[39m[38;5;124m'[39m[38;5;130;01m\033[39;00m[38;5;124m[1mFig.[39m[38;5;130;01m\033[39;00m[38;5;124m[0m [39m[38;5;132;01m{[39;00malpha[38;5;132;01m}[39;00m[38;5;124m: RHEED spot image for [39m[38;5;132;01m{[39;00mgrowth[38;5;132;01m}[39;00m[38;5;124m at index [39m[38;5;132;01m{[39;00mindex[38;5;132;01m}[39;00m[38;5;124m.[39m[38;5;124m'[39m)
[1;32m    236[0m [38;5;66;03m# fig, axes = layout_fig(1, figsize=figsize)[39;00m
[0;32m--> 238[0m data [38;5;241m=[39m [38;5;28;43mself[39;49m[38;5;241;43m.[39;49m[43mgrowth_dataset[49m[43m([49m[43mgrowth[49m[43m,[49m[43m [49m[43mindex[49m[43m)[49m
[1;32m    239[0m [38;5;66;03m# imagemap(axes[0], data, clim=clim, divider_=True)[39;00m
[1;32m    240[0m [38;5;66;03m# customized version of imagemap[39;00m
[1;32m    242[0m [38;5;28;01mif[39;00m viz_mode[38;5;241m==[39m[38;5;124m'[39m[38;5;124miteractive[39m[38;5;124m'[39m:

File [0;32m~/work/Predicting-Pulsed-Laser-Deposition-SrTiO3-Homoepitaxy-Growth-Dynamics-using-RHEED/Predicting-Pulsed-Laser-Deposition-SrTiO3-Homoepitaxy-Growth-Dynamics-using-RHEED/src/sto_rheed/Dataset.py:205[0m, in [0;36mRHEED_spot_Dataset.growth_dataset[0;34m(self, growth, index)[0m
[1;32m    190[0m [38;5;28;01mdef[39;00m [38;5;21mgrowth_dataset[39m([38;5;28mself[39m, growth, index [38;5;241m=[39m [38;5;28;01mNone[39;00m):
[1;32m    191[0m [38;5;250m    [39m[38;5;124;03m"""[39;00m
[1;32m    192[0m [38;5;124;03m    Retrieves the RHEED spot data for a specific growth.[39;00m
[1;32m    193[0m 
[0;32m   (...)[0m
[1;32m    203[0m 
[1;32m    204[0m [38;5;124;03m    """[39;00m
[0;32m--> 205[0m     [38;5;28;01mwith[39;00m [43mh5py[49m[38;5;241;43m.[39;49m[43mFile[49m[43m([49m[38;5;28;43mself[39;49m[38;5;241;43m.[39;49m[43mpath[49m[43m,[49m[43m [49m[43mmode[49m[38;5;241;43m=[39;49m[38;5;124;43m'[39;49m[38;5;124;43mr[39;49m[38;5;124;43m'[39;49m[43m)[49m [38;5;28;01mas[39;00m h5:
[1;32m    206[0m         [38;5;28;01mif[39;00m index [38;5;129;01mis[39;00m [38;5;28;01mNone[39;00m:
[1;32m    207[0m             [38;5;28;01mreturn[39;00m np[38;5;241m.[39marray(h5[growth])

File [0;32m~/.local/lib/python3.12/site-packages/h5py/_hl/files.py:561[0m, in [0;36mFile.__init__[0;34m(self, name, mode, driver, libver, userblock_size, swmr, rdcc_nslots, rdcc_nbytes, rdcc_w0, track_order, fs_strategy, fs_persist, fs_threshold, fs_page_size, page_buf_size, min_meta_keep, min_raw_keep, locking, alignment_threshold, alignment_interval, meta_block_size, **kwds)[0m
[1;32m    552[0m     fapl [38;5;241m=[39m make_fapl(driver, libver, rdcc_nslots, rdcc_nbytes, rdcc_w0,
[1;32m    553[0m                      locking, page_buf_size, min_meta_keep, min_raw_keep,
[1;32m    554[0m                      alignment_threshold[38;5;241m=[39malignment_threshold,
[1;32m    555[0m                      alignment_interval[38;5;241m=[39malignment_interval,
[1;32m    556[0m                      meta_block_size[38;5;241m=[39mmeta_block_size,
[1;32m    557[0m                      [38;5;241m*[39m[38;5;241m*[39mkwds)
[1;32m    558[0m     fcpl [38;5;241m=[39m make_fcpl(track_order[38;5;241m=[39mtrack_order, fs_strategy[38;5;241m=[39mfs_strategy,
[1;32m    559[0m                      fs_persist[38;5;241m=[39mfs_persist, fs_threshold[38;5;241m=[39mfs_threshold,
[1;32m    560[0m                      fs_page_size[38;5;241m=[39mfs_page_size)
[0;32m--> 561[0m     fid [38;5;241m=[39m [43mmake_fid[49m[43m([49m[43mname[49m[43m,[49m[43m [49m[43mmode[49m[43m,[49m[43m [49m[43muserblock_size[49m[43m,[49m[43m [49m[43mfapl[49m[43m,[49m[43m [49m[43mfcpl[49m[43m,[49m[43m [49m[43mswmr[49m[38;5;241;43m=[39;49m[43mswmr[49m[43m)[49m
[1;32m    563[0m [38;5;28;01mif[39;00m [38;5;28misinstance[39m(libver, [38;5;28mtuple[39m):
[1;32m    564[0m     [38;5;28mself[39m[38;5;241m.[39m_libver [38;5;241m=[39m libver

File [0;32m~/.local/lib/python3.12/site-packages/h5py/_hl/files.py:235[0m, in [0;36mmake_fid[0;34m(name, mode, userblock_size, fapl, fcpl, swmr)[0m
[1;32m    233[0m     [38;5;28;01mif[39;00m swmr [38;5;129;01mand[39;00m swmr_support:
[1;32m    234[0m         flags [38;5;241m|[39m[38;5;241m=[39m h5f[38;5;241m.[39mACC_SWMR_READ
[0;32m--> 235[0m     fid [38;5;241m=[39m [43mh5f[49m[38;5;241;43m.[39;49m[43mopen[49m[43m([49m[43mname[49m[43m,[49m[43m [49m[43mflags[49m[43m,[49m[43m [49m[43mfapl[49m[38;5;241;43m=[39;49m[43mfapl[49m[43m)[49m
[1;32m    236[0m [38;5;28;01melif[39;00m mode [38;5;241m==[39m [38;5;124m'[39m[38;5;124mr+[39m[38;5;124m'[39m:
[1;32m    237[0m     fid [38;5;241m=[39m h5f[38;5;241m.[39mopen(name, h5f[38;5;241m.[39mACC_RDWR, fapl[38;5;241m=[39mfapl)

File [0;32mh5py/_objects.pyx:54[0m, in [0;36mh5py._objects.with_phil.wrapper[0;34m()[0m

File [0;32mh5py/_objects.pyx:55[0m, in [0;36mh5py._objects.with_phil.wrapper[0;34m()[0m

File [0;32mh5py/h5f.pyx:102[0m, in [0;36mh5py.h5f.open[0;34m()[0m

[0;31mFileNotFoundError[0m: [Errno 2] Unable to synchronously open file (unable to open file: name = 'D:/STO_STO-Data/RHEED/STO_STO_Berkeley/STO_STO_test6_06292022-standard.h5', errno = 2, error message = 'No such file or directory', flags = 0, o_flags = 0)

