Traceback (most recent call last):
  File "/home/runner/.local/lib/python3.12/site-packages/jupyter_cache/executors/utils.py", line 58, in single_nb_execution
    executenb(
  File "/home/runner/.local/lib/python3.12/site-packages/nbclient/client.py", line 1314, in execute
    return NotebookClient(nb=nb, resources=resources, km=km, **kwargs).execute()
           ^^^^^^^^^^^^^^^^^^^^^^^^^^^^^^^^^^^^^^^^^^^^^^^^^^^^^^^^^^^^^^^^^^^^^
  File "/home/runner/.local/lib/python3.12/site-packages/jupyter_core/utils/__init__.py", line 165, in wrapped
    return loop.run_until_complete(inner)
           ^^^^^^^^^^^^^^^^^^^^^^^^^^^^^^
  File "/usr/lib/python3.12/asyncio/base_events.py", line 687, in run_until_complete
    return future.result()
           ^^^^^^^^^^^^^^^
  File "/home/runner/.local/lib/python3.12/site-packages/nbclient/client.py", line 709, in async_execute
    await self.async_execute_cell(
  File "/home/runner/.local/lib/python3.12/site-packages/nbclient/client.py", line 1062, in async_execute_cell
    await self._check_raise_for_error(cell, cell_index, exec_reply)
  File "/home/runner/.local/lib/python3.12/site-packages/nbclient/client.py", line 918, in _check_raise_for_error
    raise CellExecutionError.from_cell_and_msg(cell, exec_reply_content)
nbclient.exceptions.CellExecutionError: An error occurred while executing the following cell:
------------------
fit_settings = {'savgol_window_order': (15, 3), 'pca_component': 10, 'I_diff': 15000, 'unify':False, 'bounds':[0.001, 1], 'p_init':[0.1, 0.4, 0.1]}
path = 'D:/STO_STO-Data/RHEED/STO_STO_Berkeley/test6_gaussian_fit_parameters_all-04232023.h5'
D1_para = RHEED_parameter_dataset(path, camera_freq=500, sample_name='treated_213nm')
decay_curve_examples(D1_para, 'spot_2', 'img_sum', fit_settings, savefig=True, savepath='../Figures/3.Growth_mechanism/')
------------------


[0;31m---------------------------------------------------------------------------[0m
[0;31mFileNotFoundError[0m                         Traceback (most recent call last)
Cell [0;32mIn[2], line 4[0m
[1;32m      2[0m path [38;5;241m=[39m [38;5;124m'[39m[38;5;124mD:/STO_STO-Data/RHEED/STO_STO_Berkeley/test6_gaussian_fit_parameters_all-04232023.h5[39m[38;5;124m'[39m
[1;32m      3[0m D1_para [38;5;241m=[39m RHEED_parameter_dataset(path, camera_freq[38;5;241m=[39m[38;5;241m500[39m, sample_name[38;5;241m=[39m[38;5;124m'[39m[38;5;124mtreated_213nm[39m[38;5;124m'[39m)
[0;32m----> 4[0m [43mdecay_curve_examples[49m[43m([49m[43mD1_para[49m[43m,[49m[43m [49m[38;5;124;43m'[39;49m[38;5;124;43mspot_2[39;49m[38;5;124;43m'[39;49m[43m,[49m[43m [49m[38;5;124;43m'[39;49m[38;5;124;43mimg_sum[39;49m[38;5;124;43m'[39;49m[43m,[49m[43m [49m[43mfit_settings[49m[43m,[49m[43m [49m[43msavefig[49m[38;5;241;43m=[39;49m[38;5;28;43;01mTrue[39;49;00m[43m,[49m[43m [49m[43msavepath[49m[38;5;241;43m=[39;49m[38;5;124;43m'[39;49m[38;5;124;43m../Figures/3.Growth_mechanism/[39;49m[38;5;124;43m'[39;49m[43m)[49m

File [0;32m~/work/Predicting-Pulsed-Laser-Deposition-SrTiO3-Homoepitaxy-Growth-Dynamics-using-RHEED/Predicting-Pulsed-Laser-Deposition-SrTiO3-Homoepitaxy-Growth-Dynamics-using-RHEED/src/sto_rheed/Packed_functions.py:30[0m, in [0;36mdecay_curve_examples[0;34m(df_para, spot, metric, fit_settings, savefig, savepath)[0m
[1;32m     27[0m seq_colors [38;5;241m=[39m [[38;5;124m'[39m[38;5;124m#00429d[39m[38;5;124m'[39m,[38;5;124m'[39m[38;5;124m#2e59a8[39m[38;5;124m'[39m,[38;5;124m'[39m[38;5;124m#4771b2[39m[38;5;124m'[39m,[38;5;124m'[39m[38;5;124m#5d8abd[39m[38;5;124m'[39m,[38;5;124m'[39m[38;5;124m#73a2c6[39m[38;5;124m'[39m,[38;5;124m'[39m[38;5;124m#8abccf[39m[38;5;124m'[39m,[38;5;124m'[39m[38;5;124m#a5d5d8[39m[38;5;124m'[39m,[38;5;124m'[39m[38;5;124m#c5eddf[39m[38;5;124m'[39m,[38;5;124m'[39m[38;5;124m#ffffe0[39m[38;5;124m'[39m]
[1;32m     28[0m bgc1, bgc2 [38;5;241m=[39m ([38;5;241m*[39mcolors[38;5;241m.[39mhex2color(seq_colors[[38;5;241m0[39m]), [38;5;241m0.3[39m), ([38;5;241m*[39mcolors[38;5;241m.[39mhex2color(seq_colors[[38;5;241m5[39m]), [38;5;241m0.3[39m) 
[0;32m---> 30[0m parameters_all, x_coor_all, info [38;5;241m=[39m [43manalyze_curves[49m[43m([49m[43mdf_para[49m[43m,[49m[43m [49m[43m{[49m[38;5;124;43m'[39;49m[38;5;124;43mgrowth_1[39;49m[38;5;124;43m'[39;49m[43m:[49m[43m [49m[38;5;241;43m1[39;49m[43m}[49m[43m,[49m[43m [49m[43mspot[49m[43m,[49m[43m [49m[43mmetric[49m[43m,[49m[43m [49m[43minterval[49m[38;5;241;43m=[39;49m[38;5;241;43m0[39;49m[43m,[49m[43m [49m[43mfit_settings[49m[38;5;241;43m=[39;49m[43mfit_settings[49m[43m)[49m
[1;32m     31[0m [xs_all, ys_all, ys_fit_all, ys_nor_all, ys_nor_fit_all, ys_nor_fit_failed_all, labels_all, losses_all] [38;5;241m=[39m info
[1;32m     32[0m sample_list [38;5;241m=[39m [[38;5;241m6[39m, [38;5;241m21[39m]

File [0;32m~/work/Predicting-Pulsed-Laser-Deposition-SrTiO3-Homoepitaxy-Growth-Dynamics-using-RHEED/Predicting-Pulsed-Laser-Deposition-SrTiO3-Homoepitaxy-Growth-Dynamics-using-RHEED/src/sto_rheed/Analysis.py:298[0m, in [0;36manalyze_curves[0;34m(dataset, growth_dict, spot, metric, interval, fit_settings)[0m
[1;32m    294[0m x_end [38;5;241m=[39m [38;5;241m0[39m
[1;32m    295[0m [38;5;28;01mfor[39;00m growth [38;5;129;01min[39;00m [38;5;28mlist[39m(growth_dict[38;5;241m.[39mkeys()):
[1;32m    296[0m 
[1;32m    297[0m     [38;5;66;03m# load data[39;00m
[0;32m--> 298[0m     sample_x, sample_y [38;5;241m=[39m [43mdataset[49m[38;5;241;43m.[39;49m[43mload_curve[49m[43m([49m[43mgrowth[49m[43m,[49m[43m [49m[43mspot[49m[43m,[49m[43m [49m[43mmetric[49m[43m,[49m[43m [49m[43mx_start[49m[38;5;241;43m=[39;49m[43mx_end[49m[43m)[49m
[1;32m    299[0m     [38;5;66;03m# sample_x, sample_y = load_curve(h5_para_file, growth_name, 'spot_2', 'img_intensity', camera_freq=500, x_start=0)[39;00m
[1;32m    300[0m 
[1;32m    301[0m     [38;5;66;03m# detect peaks[39;00m
[1;32m    302[0m     x_peaks, xs, ys [38;5;241m=[39m detect_peaks(sample_x, sample_y, camera_freq[38;5;241m=[39mdataset[38;5;241m.[39mcamera_freq, 
[1;32m    303[0m                                    laser_freq[38;5;241m=[39mgrowth_dict[growth], step_size[38;5;241m=[39m[38;5;241m5[39m, prominence[38;5;241m=[39m[38;5;241m0.1[39m)

File [0;32m~/work/Predicting-Pulsed-Laser-Deposition-SrTiO3-Homoepitaxy-Growth-Dynamics-using-RHEED/Predicting-Pulsed-Laser-Deposition-SrTiO3-Homoepitaxy-Growth-Dynamics-using-RHEED/src/sto_rheed/Dataset.py:402[0m, in [0;36mRHEED_parameter_dataset.load_curve[0;34m(self, growth, spot, metric, x_start)[0m
[1;32m    388[0m [38;5;28;01mdef[39;00m [38;5;21mload_curve[39m([38;5;28mself[39m, growth, spot, metric, x_start):
[1;32m    389[0m [38;5;250m    [39m[38;5;124;03m"""[39;00m
[1;32m    390[0m [38;5;124;03m    Loads a parameter curve for a specific growth, spot, and metric.[39;00m
[1;32m    391[0m 
[0;32m   (...)[0m
[1;32m    400[0m 
[1;32m    401[0m [38;5;124;03m    """[39;00m
[0;32m--> 402[0m     [38;5;28;01mwith[39;00m [43mh5py[49m[38;5;241;43m.[39;49m[43mFile[49m[43m([49m[38;5;28;43mself[39;49m[38;5;241;43m.[39;49m[43mpath[49m[43m,[49m[43m [49m[43mmode[49m[38;5;241;43m=[39;49m[38;5;124;43m'[39;49m[38;5;124;43mr[39;49m[38;5;124;43m'[39;49m[43m)[49m [38;5;28;01mas[39;00m h5_para:
[1;32m    403[0m         y [38;5;241m=[39m np[38;5;241m.[39marray(h5_para[growth][spot][metric])
[1;32m    404[0m     x [38;5;241m=[39m np[38;5;241m.[39mlinspace(x_start, x_start[38;5;241m+[39m[38;5;28mlen[39m(y)[38;5;241m-[39m[38;5;241m1[39m, [38;5;28mlen[39m(y))[38;5;241m/[39m[38;5;28mself[39m[38;5;241m.[39mcamera_freq

File [0;32m~/.local/lib/python3.12/site-packages/h5py/_hl/files.py:561[0m, in [0;36mFile.__init__[0;34m(self, name, mode, driver, libver, userblock_size, swmr, rdcc_nslots, rdcc_nbytes, rdcc_w0, track_order, fs_strategy, fs_persist, fs_threshold, fs_page_size, page_buf_size, min_meta_keep, min_raw_keep, locking, alignment_threshold, alignment_interval, meta_block_size, **kwds)[0m
[1;32m    552[0m     fapl [38;5;241m=[39m make_fapl(driver, libver, rdcc_nslots, rdcc_nbytes, rdcc_w0,
[1;32m    553[0m                      locking, page_buf_size, min_meta_keep, min_raw_keep,
[1;32m    554[0m                      alignment_threshold[38;5;241m=[39malignment_threshold,
[1;32m    555[0m                      alignment_interval[38;5;241m=[39malignment_interval,
[1;32m    556[0m                      meta_block_size[38;5;241m=[39mmeta_block_size,
[1;32m    557[0m                      [38;5;241m*[39m[38;5;241m*[39mkwds)
[1;32m    558[0m     fcpl [38;5;241m=[39m make_fcpl(track_order[38;5;241m=[39mtrack_order, fs_strategy[38;5;241m=[39mfs_strategy,
[1;32m    559[0m                      fs_persist[38;5;241m=[39mfs_persist, fs_threshold[38;5;241m=[39mfs_threshold,
[1;32m    560[0m                      fs_page_size[38;5;241m=[39mfs_page_size)
[0;32m--> 561[0m     fid [38;5;241m=[39m [43mmake_fid[49m[43m([49m[43mname[49m[43m,[49m[43m [49m[43mmode[49m[43m,[49m[43m [49m[43muserblock_size[49m[43m,[49m[43m [49m[43mfapl[49m[43m,[49m[43m [49m[43mfcpl[49m[43m,[49m[43m [49m[43mswmr[49m[38;5;241;43m=[39;49m[43mswmr[49m[43m)[49m
[1;32m    563[0m [38;5;28;01mif[39;00m [38;5;28misinstance[39m(libver, [38;5;28mtuple[39m):
[1;32m    564[0m     [38;5;28mself[39m[38;5;241m.[39m_libver [38;5;241m=[39m libver

File [0;32m~/.local/lib/python3.12/site-packages/h5py/_hl/files.py:235[0m, in [0;36mmake_fid[0;34m(name, mode, userblock_size, fapl, fcpl, swmr)[0m
[1;32m    233[0m     [38;5;28;01mif[39;00m swmr [38;5;129;01mand[39;00m swmr_support:
[1;32m    234[0m         flags [38;5;241m|[39m[38;5;241m=[39m h5f[38;5;241m.[39mACC_SWMR_READ
[0;32m--> 235[0m     fid [38;5;241m=[39m [43mh5f[49m[38;5;241;43m.[39;49m[43mopen[49m[43m([49m[43mname[49m[43m,[49m[43m [49m[43mflags[49m[43m,[49m[43m [49m[43mfapl[49m[38;5;241;43m=[39;49m[43mfapl[49m[43m)[49m
[1;32m    236[0m [38;5;28;01melif[39;00m mode [38;5;241m==[39m [38;5;124m'[39m[38;5;124mr+[39m[38;5;124m'[39m:
[1;32m    237[0m     fid [38;5;241m=[39m h5f[38;5;241m.[39mopen(name, h5f[38;5;241m.[39mACC_RDWR, fapl[38;5;241m=[39mfapl)

File [0;32mh5py/_objects.pyx:54[0m, in [0;36mh5py._objects.with_phil.wrapper[0;34m()[0m

File [0;32mh5py/_objects.pyx:55[0m, in [0;36mh5py._objects.with_phil.wrapper[0;34m()[0m

File [0;32mh5py/h5f.pyx:102[0m, in [0;36mh5py.h5f.open[0;34m()[0m

[0;31mFileNotFoundError[0m: [Errno 2] Unable to synchronously open file (unable to open file: name = 'D:/STO_STO-Data/RHEED/STO_STO_Berkeley/test6_gaussian_fit_parameters_all-04232023.h5', errno = 2, error message = 'No such file or directory', flags = 0, o_flags = 0)

