Traceback (most recent call last):
  File "/home/runner/.local/lib/python3.12/site-packages/jupyter_cache/executors/utils.py", line 58, in single_nb_execution
    executenb(
  File "/home/runner/.local/lib/python3.12/site-packages/nbclient/client.py", line 1314, in execute
    return NotebookClient(nb=nb, resources=resources, km=km, **kwargs).execute()
           ^^^^^^^^^^^^^^^^^^^^^^^^^^^^^^^^^^^^^^^^^^^^^^^^^^^^^^^^^^^^^^^^^^^^^
  File "/home/runner/.local/lib/python3.12/site-packages/jupyter_core/utils/__init__.py", line 165, in wrapped
    return loop.run_until_complete(inner)
           ^^^^^^^^^^^^^^^^^^^^^^^^^^^^^^
  File "/usr/lib/python3.12/asyncio/base_events.py", line 687, in run_until_complete
    return future.result()
           ^^^^^^^^^^^^^^^
  File "/home/runner/.local/lib/python3.12/site-packages/nbclient/client.py", line 709, in async_execute
    await self.async_execute_cell(
  File "/home/runner/.local/lib/python3.12/site-packages/nbclient/client.py", line 1062, in async_execute_cell
    await self._check_raise_for_error(cell, cell_index, exec_reply)
  File "/home/runner/.local/lib/python3.12/site-packages/nbclient/client.py", line 918, in _check_raise_for_error
    raise CellExecutionError.from_cell_and_msg(cell, exec_reply_content)
nbclient.exceptions.CellExecutionError: An error occurred while executing the following cell:
------------------
%load_ext autoreload
%autoreload 2
%matplotlib inline

import sys
import numpy as np
import os
import matplotlib.pyplot as plt
from matplotlib import gridspec
from matplotlib import colors as mcolors 
from mayavi import mlab

sys.path.append('../../src')
from viz.style import set_style
from viz.printing import printer
from viz.layout import imagemap, layout_fig, labelfigs
from sto_rheed.Dataset import RHEED_parameter_dataset, RHEED_spot_Dataset
from sto_rheed.Viz import Viz, rgba_to_rgb
from sto_rheed.drawing_3d import draw_box, sphere_to_surface
from sto_rheed.Analysis import detect_peaks, analyze_curves, process_rheed_data 
from sto_rheed.Packed_functions import decay_curve_examples
from sto_rheed.Fit import NormalizeData

printing = printer(basepath = '../Figures/3.Growth_mechanism/')
printing_plot = printer(basepath = '../Figures/3.Growth_mechanism/', fileformats=['png', 'svg', 'tif'], dpi=600)
if not os.path.isdir('../Data/Plume_results'): os.mkdir('../Data/Plume_results')
set_style("printing")

plot_size = (6, 2)
color_blue = (44/255,123/255,182/255)
color_gray = (128/255, 128/255, 128/255, 0.5)
seq_colors = ['#00429d','#2e59a8','#4771b2','#5d8abd','#73a2c6','#8abccf','#a5d5d8','#c5eddf','#ffffe0']
bgc1, bgc2 = (*mcolors.hex2color(seq_colors[0]), 0.3), (*mcolors.hex2color(seq_colors[5]), 0.3)
bgc1_, bgc2_ = rgba_to_rgb(bgc1), rgba_to_rgb(bgc2)
------------------


[0;31m---------------------------------------------------------------------------[0m
[0;31mModuleNotFoundError[0m                       Traceback (most recent call last)
Cell [0;32mIn[1], line 11[0m
[1;32m      9[0m [38;5;28;01mfrom[39;00m [38;5;21;01mmatplotlib[39;00m [38;5;28;01mimport[39;00m gridspec
[1;32m     10[0m [38;5;28;01mfrom[39;00m [38;5;21;01mmatplotlib[39;00m [38;5;28;01mimport[39;00m colors [38;5;28;01mas[39;00m mcolors 
[0;32m---> 11[0m [38;5;28;01mfrom[39;00m [38;5;21;01mmayavi[39;00m [38;5;28;01mimport[39;00m mlab
[1;32m     13[0m sys[38;5;241m.[39mpath[38;5;241m.[39mappend([38;5;124m'[39m[38;5;124m../../src[39m[38;5;124m'[39m)
[1;32m     14[0m [38;5;28;01mfrom[39;00m [38;5;21;01mviz[39;00m[38;5;21;01m.[39;00m[38;5;21;01mstyle[39;00m [38;5;28;01mimport[39;00m set_style

[0;31mModuleNotFoundError[0m: No module named 'mayavi'

