Traceback (most recent call last):
  File "/home/runner/.local/lib/python3.12/site-packages/jupyter_cache/executors/utils.py", line 58, in single_nb_execution
    executenb(
  File "/home/runner/.local/lib/python3.12/site-packages/nbclient/client.py", line 1314, in execute
    return NotebookClient(nb=nb, resources=resources, km=km, **kwargs).execute()
           ^^^^^^^^^^^^^^^^^^^^^^^^^^^^^^^^^^^^^^^^^^^^^^^^^^^^^^^^^^^^^^^^^^^^^
  File "/home/runner/.local/lib/python3.12/site-packages/jupyter_core/utils/__init__.py", line 165, in wrapped
    return loop.run_until_complete(inner)
           ^^^^^^^^^^^^^^^^^^^^^^^^^^^^^^
  File "/usr/lib/python3.12/asyncio/base_events.py", line 687, in run_until_complete
    return future.result()
           ^^^^^^^^^^^^^^^
  File "/home/runner/.local/lib/python3.12/site-packages/nbclient/client.py", line 709, in async_execute
    await self.async_execute_cell(
  File "/home/runner/.local/lib/python3.12/site-packages/nbclient/client.py", line 1062, in async_execute_cell
    await self._check_raise_for_error(cell, cell_index, exec_reply)
  File "/home/runner/.local/lib/python3.12/site-packages/nbclient/client.py", line 918, in _check_raise_for_error
    raise CellExecutionError.from_cell_and_msg(cell, exec_reply_content)
nbclient.exceptions.CellExecutionError: An error occurred while executing the following cell:
------------------
path = 'D:/STO_STO-Data/RHEED/STO_STO_Berkeley/test6_gaussian_fit_parameters_all-04232023.h5'
D1_para = RHEED_parameter_dataset(path, camera_freq=500, sample_name='treated_213nm')

growth_list = ['growth_1', 'growth_2', 'growth_3', 'growth_4', 'growth_5']
D1_para.viz_RHEED_parameter_trend(growth_list, spot='spot_2', metric_list=['img_sum'], head_tail=(100,300), interval=200)
------------------


[0;31m---------------------------------------------------------------------------[0m
[0;31mFileNotFoundError[0m                         Traceback (most recent call last)
Cell [0;32mIn[3], line 5[0m
[1;32m      2[0m D1_para [38;5;241m=[39m RHEED_parameter_dataset(path, camera_freq[38;5;241m=[39m[38;5;241m500[39m, sample_name[38;5;241m=[39m[38;5;124m'[39m[38;5;124mtreated_213nm[39m[38;5;124m'[39m)
[1;32m      4[0m growth_list [38;5;241m=[39m [[38;5;124m'[39m[38;5;124mgrowth_1[39m[38;5;124m'[39m, [38;5;124m'[39m[38;5;124mgrowth_2[39m[38;5;124m'[39m, [38;5;124m'[39m[38;5;124mgrowth_3[39m[38;5;124m'[39m, [38;5;124m'[39m[38;5;124mgrowth_4[39m[38;5;124m'[39m, [38;5;124m'[39m[38;5;124mgrowth_5[39m[38;5;124m'[39m]
[0;32m----> 5[0m [43mD1_para[49m[38;5;241;43m.[39;49m[43mviz_RHEED_parameter_trend[49m[43m([49m[43mgrowth_list[49m[43m,[49m[43m [49m[43mspot[49m[38;5;241;43m=[39;49m[38;5;124;43m'[39;49m[38;5;124;43mspot_2[39;49m[38;5;124;43m'[39;49m[43m,[49m[43m [49m[43mmetric_list[49m[38;5;241;43m=[39;49m[43m[[49m[38;5;124;43m'[39;49m[38;5;124;43mimg_sum[39;49m[38;5;124;43m'[39;49m[43m][49m[43m,[49m[43m [49m[43mhead_tail[49m[38;5;241;43m=[39;49m[43m([49m[38;5;241;43m100[39;49m[43m,[49m[38;5;241;43m300[39;49m[43m)[49m[43m,[49m[43m [49m[43minterval[49m[38;5;241;43m=[39;49m[38;5;241;43m200[39;49m[43m)[49m

File [0;32m~/work/Predicting-Pulsed-Laser-Deposition-SrTiO3-Homoepitaxy-Growth-Dynamics-using-RHEED/Predicting-Pulsed-Laser-Deposition-SrTiO3-Homoepitaxy-Growth-Dynamics-using-RHEED/src/sto_rheed/Dataset.py:519[0m, in [0;36mRHEED_parameter_dataset.viz_RHEED_parameter_trend[0;34m(self, growth_list, spot, metric_list, head_tail, interval, figsize, filename, printing, **kwargs)[0m
[1;32m    517[0m     fig, axes [38;5;241m=[39m plt[38;5;241m.[39msubplots([38;5;28mlen[39m(metric_list), [38;5;241m1[39m, figsize [38;5;241m=[39m figsize)
[1;32m    518[0m [38;5;28;01mfor[39;00m i, (ax, metric) [38;5;129;01min[39;00m [38;5;28menumerate[39m([38;5;28mzip[39m(axes, metric_list)):
[0;32m--> 519[0m     x_curve, y_curve [38;5;241m=[39m [38;5;28;43mself[39;49m[38;5;241;43m.[39;49m[43mload_multiple_curves[49m[43m([49m[43mgrowth_list[49m[43m,[49m[43m [49m[43mspot[49m[38;5;241;43m=[39;49m[43mspot[49m[43m,[49m[43m [49m[43mmetric[49m[38;5;241;43m=[39;49m[43mmetric[49m[43m,[49m[43m [49m[43mhead_tail[49m[38;5;241;43m=[39;49m[43mhead_tail[49m[43m,[49m[43m [49m[43minterval[49m[38;5;241;43m=[39;49m[43minterval[49m[43m)[49m [38;5;66;03m#**kwargs)[39;00m
[1;32m    520[0m     ax[38;5;241m.[39mscatter(x_curve, y_curve, color[38;5;241m=[39m[38;5;124m'[39m[38;5;124mk[39m[38;5;124m'[39m, s[38;5;241m=[39m[38;5;241m1[39m)
[1;32m    521[0m     [38;5;28;01mif[39;00m i [38;5;241m<[39m [38;5;28mlen[39m(metric_list)[38;5;241m-[39m[38;5;241m1[39m:

File [0;32m~/work/Predicting-Pulsed-Laser-Deposition-SrTiO3-Homoepitaxy-Growth-Dynamics-using-RHEED/Predicting-Pulsed-Laser-Deposition-SrTiO3-Homoepitaxy-Growth-Dynamics-using-RHEED/src/sto_rheed/Dataset.py:426[0m, in [0;36mRHEED_parameter_dataset.load_multiple_curves[0;34m(self, growth_list, spot, metric, x_start, head_tail, interval)[0m
[1;32m    423[0m x_all, y_all [38;5;241m=[39m [], []
[1;32m    425[0m [38;5;28;01mfor[39;00m growth [38;5;129;01min[39;00m growth_list:
[0;32m--> 426[0m     x, y [38;5;241m=[39m [38;5;28;43mself[39;49m[38;5;241;43m.[39;49m[43mload_curve[49m[43m([49m[43mgrowth[49m[43m,[49m[43m [49m[43mspot[49m[43m,[49m[43m [49m[43mmetric[49m[43m,[49m[43m [49m[43mx_start[49m[43m)[49m
[1;32m    427[0m     x [38;5;241m=[39m x[head_tail[[38;5;241m0[39m]:[38;5;241m-[39mhead_tail[[38;5;241m1[39m]]
[1;32m    428[0m     y [38;5;241m=[39m y[head_tail[[38;5;241m0[39m]:[38;5;241m-[39mhead_tail[[38;5;241m1[39m]]

File [0;32m~/work/Predicting-Pulsed-Laser-Deposition-SrTiO3-Homoepitaxy-Growth-Dynamics-using-RHEED/Predicting-Pulsed-Laser-Deposition-SrTiO3-Homoepitaxy-Growth-Dynamics-using-RHEED/src/sto_rheed/Dataset.py:402[0m, in [0;36mRHEED_parameter_dataset.load_curve[0;34m(self, growth, spot, metric, x_start)[0m
[1;32m    388[0m [38;5;28;01mdef[39;00m [38;5;21mload_curve[39m([38;5;28mself[39m, growth, spot, metric, x_start):
[1;32m    389[0m [38;5;250m    [39m[38;5;124;03m"""[39;00m
[1;32m    390[0m [38;5;124;03m    Loads a parameter curve for a specific growth, spot, and metric.[39;00m
[1;32m    391[0m 
[0;32m   (...)[0m
[1;32m    400[0m 
[1;32m    401[0m [38;5;124;03m    """[39;00m
[0;32m--> 402[0m     [38;5;28;01mwith[39;00m [43mh5py[49m[38;5;241;43m.[39;49m[43mFile[49m[43m([49m[38;5;28;43mself[39;49m[38;5;241;43m.[39;49m[43mpath[49m[43m,[49m[43m [49m[43mmode[49m[38;5;241;43m=[39;49m[38;5;124;43m'[39;49m[38;5;124;43mr[39;49m[38;5;124;43m'[39;49m[43m)[49m [38;5;28;01mas[39;00m h5_para:
[1;32m    403[0m         y [38;5;241m=[39m np[38;5;241m.[39marray(h5_para[growth][spot][metric])
[1;32m    404[0m     x [38;5;241m=[39m np[38;5;241m.[39mlinspace(x_start, x_start[38;5;241m+[39m[38;5;28mlen[39m(y)[38;5;241m-[39m[38;5;241m1[39m, [38;5;28mlen[39m(y))[38;5;241m/[39m[38;5;28mself[39m[38;5;241m.[39mcamera_freq

File [0;32m~/.local/lib/python3.12/site-packages/h5py/_hl/files.py:561[0m, in [0;36mFile.__init__[0;34m(self, name, mode, driver, libver, userblock_size, swmr, rdcc_nslots, rdcc_nbytes, rdcc_w0, track_order, fs_strategy, fs_persist, fs_threshold, fs_page_size, page_buf_size, min_meta_keep, min_raw_keep, locking, alignment_threshold, alignment_interval, meta_block_size, **kwds)[0m
[1;32m    552[0m     fapl [38;5;241m=[39m make_fapl(driver, libver, rdcc_nslots, rdcc_nbytes, rdcc_w0,
[1;32m    553[0m                      locking, page_buf_size, min_meta_keep, min_raw_keep,
[1;32m    554[0m                      alignment_threshold[38;5;241m=[39malignment_threshold,
[1;32m    555[0m                      alignment_interval[38;5;241m=[39malignment_interval,
[1;32m    556[0m                      meta_block_size[38;5;241m=[39mmeta_block_size,
[1;32m    557[0m                      [38;5;241m*[39m[38;5;241m*[39mkwds)
[1;32m    558[0m     fcpl [38;5;241m=[39m make_fcpl(track_order[38;5;241m=[39mtrack_order, fs_strategy[38;5;241m=[39mfs_strategy,
[1;32m    559[0m                      fs_persist[38;5;241m=[39mfs_persist, fs_threshold[38;5;241m=[39mfs_threshold,
[1;32m    560[0m                      fs_page_size[38;5;241m=[39mfs_page_size)
[0;32m--> 561[0m     fid [38;5;241m=[39m [43mmake_fid[49m[43m([49m[43mname[49m[43m,[49m[43m [49m[43mmode[49m[43m,[49m[43m [49m[43muserblock_size[49m[43m,[49m[43m [49m[43mfapl[49m[43m,[49m[43m [49m[43mfcpl[49m[43m,[49m[43m [49m[43mswmr[49m[38;5;241;43m=[39;49m[43mswmr[49m[43m)[49m
[1;32m    563[0m [38;5;28;01mif[39;00m [38;5;28misinstance[39m(libver, [38;5;28mtuple[39m):
[1;32m    564[0m     [38;5;28mself[39m[38;5;241m.[39m_libver [38;5;241m=[39m libver

File [0;32m~/.local/lib/python3.12/site-packages/h5py/_hl/files.py:235[0m, in [0;36mmake_fid[0;34m(name, mode, userblock_size, fapl, fcpl, swmr)[0m
[1;32m    233[0m     [38;5;28;01mif[39;00m swmr [38;5;129;01mand[39;00m swmr_support:
[1;32m    234[0m         flags [38;5;241m|[39m[38;5;241m=[39m h5f[38;5;241m.[39mACC_SWMR_READ
[0;32m--> 235[0m     fid [38;5;241m=[39m [43mh5f[49m[38;5;241;43m.[39;49m[43mopen[49m[43m([49m[43mname[49m[43m,[49m[43m [49m[43mflags[49m[43m,[49m[43m [49m[43mfapl[49m[38;5;241;43m=[39;49m[43mfapl[49m[43m)[49m
[1;32m    236[0m [38;5;28;01melif[39;00m mode [38;5;241m==[39m [38;5;124m'[39m[38;5;124mr+[39m[38;5;124m'[39m:
[1;32m    237[0m     fid [38;5;241m=[39m h5f[38;5;241m.[39mopen(name, h5f[38;5;241m.[39mACC_RDWR, fapl[38;5;241m=[39mfapl)

File [0;32mh5py/_objects.pyx:54[0m, in [0;36mh5py._objects.with_phil.wrapper[0;34m()[0m

File [0;32mh5py/_objects.pyx:55[0m, in [0;36mh5py._objects.with_phil.wrapper[0;34m()[0m

File [0;32mh5py/h5f.pyx:102[0m, in [0;36mh5py.h5f.open[0;34m()[0m

[0;31mFileNotFoundError[0m: [Errno 2] Unable to synchronously open file (unable to open file: name = 'D:/STO_STO-Data/RHEED/STO_STO_Berkeley/test6_gaussian_fit_parameters_all-04232023.h5', errno = 2, error message = 'No such file or directory', flags = 0, o_flags = 0)

